c:\users\matthew j robinson\desktop\opengl\realisticfire\realisticfire\debug\vc141.pdb
c:\users\matthew j robinson\desktop\opengl\realisticfire\realisticfire\debug\vc141.idb
c:\users\matthew j robinson\desktop\opengl\realisticfire\realisticfire\debug\arcball.obj
c:\users\matthew j robinson\desktop\opengl\realisticfire\realisticfire\debug\timer.obj
c:\users\matthew j robinson\desktop\opengl\realisticfire\realisticfire\debug\renderer.obj
c:\users\matthew j robinson\desktop\opengl\realisticfire\realisticfire\debug\realisticfire.obj
c:\users\matthew j robinson\desktop\opengl\realisticfire\realisticfire\debug\object.obj
c:\users\matthew j robinson\desktop\opengl\realisticfire\realisticfire\debug\fluid.obj
c:\users\matthew j robinson\desktop\opengl\realisticfire\realisticfire\debug\controller.obj
c:\users\matthew j robinson\desktop\opengl\realisticfire\realisticfire\debug\camera.obj
c:\users\matthew j robinson\desktop\opengl\realisticfire\realisticfire\debug\vec3d.obj
c:\users\matthew j robinson\desktop\opengl\realisticfire\realisticfire\debug\particle_system.obj
c:\users\matthew j robinson\desktop\opengl\realisticfire\realisticfire\debug\particle.obj
c:\users\matthew j robinson\desktop\opengl\realisticfire\realisticfire\debug\cloud.obj
c:\users\matthew j robinson\desktop\opengl\realisticfire\realisticfire\debug\imageio.obj
c:\users\matthew j robinson\desktop\opengl\realisticfire\realisticfire\debug\fluidsolver.obj
c:\users\matthew j robinson\desktop\opengl\realisticfire\debug\realisticfire.exe
c:\users\matthew j robinson\desktop\opengl\realisticfire\debug\realisticfire.pdb
c:\users\matthew j robinson\desktop\opengl\realisticfire\realisticfire\debug\realisticfire.tlog\cl.command.1.tlog
c:\users\matthew j robinson\desktop\opengl\realisticfire\realisticfire\debug\realisticfire.tlog\cl.read.1.tlog
c:\users\matthew j robinson\desktop\opengl\realisticfire\realisticfire\debug\realisticfire.tlog\cl.write.1.tlog
c:\users\matthew j robinson\desktop\opengl\realisticfire\realisticfire\debug\realisticfire.tlog\link.command.1.tlog
c:\users\matthew j robinson\desktop\opengl\realisticfire\realisticfire\debug\realisticfire.tlog\link.read.1.tlog
c:\users\matthew j robinson\desktop\opengl\realisticfire\realisticfire\debug\realisticfire.tlog\link.write.1.tlog
