  imageIO.cpp
c:\users\matthew j robinson\desktop\opengl\external\imageio\imageio.cpp(1037): fatal error C1010: unexpected end of file while looking for precompiled header. Did you forget to add '#include "pch.h"' to your source?
  arcball.cpp
c:\users\matthew j robinson\desktop\opengl\realisticfire\realisticfire\arcball.cpp(251): fatal error C1010: unexpected end of file while looking for precompiled header. Did you forget to add '#include "pch.h"' to your source?
  camera.cpp
c:\users\matthew j robinson\desktop\opengl\realisticfire\realisticfire\camera.cpp(83): fatal error C1010: unexpected end of file while looking for precompiled header. Did you forget to add '#include "pch.h"' to your source?
  cloud.cpp
c:\users\matthew j robinson\desktop\opengl\realisticfire\realisticfire\cloud.cpp(14): fatal error C1010: unexpected end of file while looking for precompiled header. Did you forget to add '#include "pch.h"' to your source?
  controller.cpp
c:\users\matthew j robinson\desktop\opengl\realisticfire\realisticfire\controller.cpp(247): fatal error C1010: unexpected end of file while looking for precompiled header. Did you forget to add '#include "pch.h"' to your source?
  fluid.cpp
c:\users\matthew j robinson\desktop\opengl\realisticfire\realisticfire\fluid.cpp(450): fatal error C1010: unexpected end of file while looking for precompiled header. Did you forget to add '#include "pch.h"' to your source?
  object.cpp
c:\users\matthew j robinson\desktop\opengl\realisticfire\realisticfire\object.cpp(344): fatal error C1010: unexpected end of file while looking for precompiled header. Did you forget to add '#include "pch.h"' to your source?
  particle.cpp
c:\users\matthew j robinson\desktop\opengl\realisticfire\realisticfire\particle.cpp(79): fatal error C1010: unexpected end of file while looking for precompiled header. Did you forget to add '#include "pch.h"' to your source?
  particle_system.cpp
c:\users\matthew j robinson\desktop\opengl\realisticfire\realisticfire\particle_system.cpp(96): fatal error C1010: unexpected end of file while looking for precompiled header. Did you forget to add '#include "pch.h"' to your source?
  RealisticFire.cpp
c:\users\matthew j robinson\desktop\opengl\realisticfire\realisticfire\realisticfire.cpp(555): fatal error C1010: unexpected end of file while looking for precompiled header. Did you forget to add '#include "pch.h"' to your source?
  renderer.cpp
c:\users\matthew j robinson\desktop\opengl\realisticfire\realisticfire\renderer.cpp(477): fatal error C1010: unexpected end of file while looking for precompiled header. Did you forget to add '#include "pch.h"' to your source?
  timer.cpp
c:\users\matthew j robinson\desktop\opengl\realisticfire\realisticfire\timer.cpp(20): fatal error C1010: unexpected end of file while looking for precompiled header. Did you forget to add '#include "pch.h"' to your source?
  vec3d.cpp
c:\users\matthew j robinson\desktop\opengl\realisticfire\realisticfire\vec3d.cpp(180): fatal error C1010: unexpected end of file while looking for precompiled header. Did you forget to add '#include "pch.h"' to your source?
  Generating Code...
