  RealisticFire.cpp
c:\users\matthew j robinson\desktop\opengl\realisticfire\realisticfire\particle.h(17): warning C4244: 'argument': conversion from 'int' to 'float', possible loss of data
c:\users\matthew j robinson\desktop\opengl\realisticfire\realisticfire\realisticfire.cpp(279): warning C4244: 'argument': conversion from 'time_t' to 'unsigned int', possible loss of data
  particle.cpp
c:\users\matthew j robinson\desktop\opengl\realisticfire\realisticfire\particle.h(17): warning C4244: 'argument': conversion from 'int' to 'float', possible loss of data
c:\users\matthew j robinson\desktop\opengl\realisticfire\realisticfire\particle.cpp(13): warning C4244: '=': conversion from 'double' to 'float', possible loss of data
c:\users\matthew j robinson\desktop\opengl\realisticfire\realisticfire\particle.cpp(14): warning C4244: '=': conversion from 'double' to 'float', possible loss of data
c:\users\matthew j robinson\desktop\opengl\realisticfire\realisticfire\particle.cpp(29): warning C4244: 'argument': conversion from 'double' to 'float', possible loss of data
c:\users\matthew j robinson\desktop\opengl\realisticfire\realisticfire\particle.cpp(35): warning C4244: 'argument': conversion from 'double' to 'float', possible loss of data
  particle_system.cpp
c:\users\matthew j robinson\desktop\opengl\realisticfire\realisticfire\particle.h(17): warning C4244: 'argument': conversion from 'int' to 'float', possible loss of data
c:\users\matthew j robinson\desktop\opengl\realisticfire\realisticfire\particle_system.cpp(81): warning C4244: 'initializing': conversion from 'double' to 'float', possible loss of data
c:\users\matthew j robinson\desktop\opengl\realisticfire\realisticfire\particle_system.cpp(82): warning C4244: 'initializing': conversion from 'double' to 'float', possible loss of data
c:\users\matthew j robinson\desktop\opengl\realisticfire\realisticfire\particle_system.cpp(83): warning C4244: 'argument': conversion from 'double' to 'GLfloat', possible loss of data
c:\users\matthew j robinson\desktop\opengl\realisticfire\realisticfire\particle_system.cpp(85): warning C4244: 'argument': conversion from 'double' to 'GLfloat', possible loss of data
c:\users\matthew j robinson\desktop\opengl\realisticfire\realisticfire\particle_system.cpp(86): warning C4244: 'argument': conversion from 'double' to 'GLfloat', possible loss of data
  Generating Code...
  jpeg.lib(jerror.obj) : MSIL .netmodule or module compiled with /GL found; restarting link with /LTCG; add /LTCG to the link command line to improve linker performance
LINK : warning LNK4075: ignoring '/INCREMENTAL' due to '/LTCG' specification
LINK : warning LNK4098: defaultlib 'MSVCRT' conflicts with use of other libs; use /NODEFAULTLIB:library
  Generating code
  Finished generating code
  RealisticFire.vcxproj -> C:\Users\Matthew J Robinson\Desktop\OpenGL\RealisticFire\Debug\RealisticFire.exe
